2022-11-20 00:47:46,513 DEBUG - Starting WinSW in the service mode
2022-11-20 00:47:46,618 INFO  - Starting C:\Program Files\Java\jdk-11.0.16.1\bin\java.exe -Xrs -Xmx256m -Dhudson.lifecycle=hudson.lifecycle.WindowsServiceLifecycle -jar "C:\Program Files\Jenkins\jenkins.war" --httpPort=8080 --webroot="C:\ProgramData\Jenkins\war"
2022-11-20 00:47:46,635 INFO  - Extension loaded: killOnStartup
2022-11-20 00:47:46,639 WARN  - The requested PID file 'C:\ProgramData\Jenkins\jenkins.pid' does not exist. The runaway process won't be checked
2022-11-20 00:47:46,676 INFO  - Started process 18188
2022-11-20 00:47:46,685 DEBUG - Forwarding logs of the process System.Diagnostics.Process (java) to winsw.SizeBasedRollingLogAppender
2022-11-20 00:47:46,689 INFO  - Recording PID of the started process:18188. PID file destination is C:\ProgramData\Jenkins\jenkins.pid
2022-11-20 00:47:46,709 ERROR - Cannot update the PID file C:\ProgramData\Jenkins\jenkins.pid
System.IO.DirectoryNotFoundException: No se puede encontrar una parte de la ruta de acceso 'C:\ProgramData\Jenkins\jenkins.pid'.
   en System.IO.__Error.WinIOError(Int32 errorCode, String maybeFullPath)
   en System.IO.FileStream.Init(String path, FileMode mode, FileAccess access, Int32 rights, Boolean useRights, FileShare share, Int32 bufferSize, FileOptions options, SECURITY_ATTRIBUTES secAttrs, String msgPath, Boolean bFromProxy, Boolean useLongPath, Boolean checkHost)
   en System.IO.FileStream..ctor(String path, FileMode mode, FileAccess access, FileShare share, Int32 bufferSize, FileOptions options, String msgPath, Boolean bFromProxy, Boolean useLongPath, Boolean checkHost)
   en System.IO.StreamWriter.CreateFile(String path, Boolean append, Boolean checkHost)
   en System.IO.StreamWriter..ctor(String path, Boolean append, Encoding encoding, Int32 bufferSize, Boolean checkHost)
   en System.IO.File.InternalWriteAllText(String path, String contents, Encoding encoding, Boolean checkHost)
   en winsw.Plugins.RunawayProcessKiller.RunawayProcessKillerExtension.OnProcessStarted(Process process)
2022-11-20 00:52:36,611 DEBUG - Starting WinSW in the service mode
2022-11-20 00:52:38,648 DEBUG - Completed. Exit code is 0
2022-11-20 00:55:09,325 DEBUG - Starting WinSW in the service mode
2022-11-20 00:55:16,241 DEBUG - Completed. Exit code is 0
