2022-11-20 03:47:47.705+0000 [id=1]	INFO	winstone.Logger#logInternal: Beginning extraction from war file
2022-11-20 03:47:50.264+0000 [id=1]	WARNING	o.e.j.s.handler.ContextHandler#setContextPath: Empty contextPath
2022-11-20 03:47:50.389+0000 [id=1]	INFO	org.eclipse.jetty.server.Server#doStart: jetty-10.0.11; built: 2022-06-21T21:12:44.640Z; git: d988aa016e0bb2de6fba84c1659049c72eae3e32; jvm 11.0.16.1+1-LTS-1
2022-11-20 03:47:51.453+0000 [id=1]	INFO	o.e.j.w.StandardDescriptorProcessor#visitServlet: NO JSP Support for /, did not find org.eclipse.jetty.jsp.JettyJspServlet
2022-11-20 03:47:51.552+0000 [id=1]	INFO	o.e.j.s.s.DefaultSessionIdManager#doStart: Session workerName=node0
2022-11-20 03:47:52.333+0000 [id=1]	INFO	hudson.WebAppMain#contextInitialized: Jenkins home directory: C:\ProgramData\Jenkins\.jenkins found at: EnvVars.masterEnvVars.get("JENKINS_HOME")
2022-11-20 03:47:52.585+0000 [id=1]	INFO	o.e.j.s.handler.ContextHandler#doStart: Started w.@44a6a68e{Jenkins v2.361.4,/,file:///C:/ProgramData/Jenkins/war/,AVAILABLE}{C:\ProgramData\Jenkins\war}
2022-11-20 03:47:52.619+0000 [id=1]	INFO	o.e.j.server.AbstractConnector#doStart: Started ServerConnector@2f05be7f{HTTP/1.1, (http/1.1)}{0.0.0.0:8080}
2022-11-20 03:47:52.656+0000 [id=1]	INFO	org.eclipse.jetty.server.Server#doStart: Started Server@463b4ac8{STARTING}[10.0.11,sto=0] @5937ms
2022-11-20 03:47:52.660+0000 [id=25]	INFO	winstone.Logger#logInternal: Winstone Servlet Engine running: controlPort=disabled
2022-11-20 03:47:53.055+0000 [id=32]	INFO	jenkins.InitReactorRunner$1#onAttained: Started initialization
2022-11-20 03:47:53.058+0000 [id=30]	INFO	jenkins.InitReactorRunner$1#onAttained: Listed all plugins
2022-11-20 03:47:54.502+0000 [id=32]	INFO	jenkins.InitReactorRunner$1#onAttained: Prepared all plugins
2022-11-20 03:47:54.509+0000 [id=42]	INFO	jenkins.InitReactorRunner$1#onAttained: Started all plugins
2022-11-20 03:47:54.519+0000 [id=42]	INFO	jenkins.InitReactorRunner$1#onAttained: Augmented all extensions
2022-11-20 03:47:54.911+0000 [id=44]	INFO	jenkins.InitReactorRunner$1#onAttained: System config loaded
2022-11-20 03:47:54.911+0000 [id=30]	INFO	jenkins.InitReactorRunner$1#onAttained: System config adapted
2022-11-20 03:47:54.912+0000 [id=42]	INFO	jenkins.InitReactorRunner$1#onAttained: Loaded all jobs
2022-11-20 03:47:54.913+0000 [id=42]	INFO	jenkins.InitReactorRunner$1#onAttained: Configuration for all jobs updated
2022-11-20 03:47:55.010+0000 [id=58]	INFO	hudson.model.AsyncPeriodicWork#lambda$doRun$1: Started Download metadata
2022-11-20 03:47:55.064+0000 [id=58]	INFO	hudson.util.Retrier#start: Intento #1 para hacer la acción check updates server
WARNING: An illegal reflective access operation has occurred
WARNING: Illegal reflective access by org.codehaus.groovy.vmplugin.v7.Java7$1 (file:/C:/ProgramData/Jenkins/war/WEB-INF/lib/groovy-all-2.4.21.jar) to constructor java.lang.invoke.MethodHandles$Lookup(java.lang.Class,int)
WARNING: Please consider reporting this to the maintainers of org.codehaus.groovy.vmplugin.v7.Java7$1
WARNING: Use --illegal-access=warn to enable warnings of further illegal reflective access operations
WARNING: All illegal access operations will be denied in a future release
2022-11-20 03:47:55.903+0000 [id=40]	INFO	jenkins.install.SetupWizard#init: 

*************************************************************
*************************************************************
*************************************************************

Jenkins initial setup is required. An admin user has been created and a password generated.
Please use the following password to proceed to installation:

8d73c79cd67c4104aa4b83c99ffb2e72

This may also be found at: C:\ProgramData\Jenkins\.jenkins\secrets\initialAdminPassword

*************************************************************
*************************************************************
*************************************************************

2022-11-20 03:48:24.552+0000 [id=40]	INFO	jenkins.InitReactorRunner$1#onAttained: Completed initialization
2022-11-20 03:48:24.574+0000 [id=24]	INFO	hudson.lifecycle.Lifecycle#onReady: Jenkins is fully up and running
2022-11-20 03:48:24.733+0000 [id=58]	INFO	h.m.DownloadService$Downloadable#load: Obtained the updated data file for hudson.tasks.Maven.MavenInstaller
2022-11-20 03:48:24.733+0000 [id=58]	INFO	hudson.util.Retrier#start: Realizada la acción check updates server con éxito en el intento #1
2022-11-20 03:48:24.735+0000 [id=58]	INFO	hudson.model.AsyncPeriodicWork#lambda$doRun$1: Finished Download metadata. 29.723 ms
2022-11-20 03:56:59.178+0000 [id=65]	INFO	hudson.PluginManager#install: Starting installation of a batch of 19 plugins plus their dependencies
2022-11-20 03:56:59.193+0000 [id=65]	INFO	hudson.model.UpdateSite$Plugin#deploy: Adding dependent install of instance-identity for plugin antisamy-markup-formatter
2022-11-20 03:56:59.193+0000 [id=97]	INFO	h.model.UpdateCenter$DownloadJob#run: Starting the installation of cloudbees-folder on behalf of admin
2022-11-20 03:56:59.193+0000 [id=65]	INFO	hudson.model.UpdateSite$Plugin#deploy: Adding dependent install of bouncycastle-api for plugin instance-identity
2022-11-20 03:56:59.194+0000 [id=65]	INFO	hudson.model.UpdateSite$Plugin#deploy: Adding dependent install of javax-mail-api for plugin bouncycastle-api
2022-11-20 03:56:59.194+0000 [id=65]	INFO	hudson.model.UpdateSite$Plugin#deploy: Adding dependent install of javax-activation-api for plugin javax-mail-api
2022-11-20 03:56:59.195+0000 [id=65]	INFO	hudson.model.UpdateSite$Plugin#deploy: Adding dependent install of sshd for plugin antisamy-markup-formatter
2022-11-20 03:56:59.195+0000 [id=65]	INFO	hudson.model.UpdateSite$Plugin#deploy: Adding dependent install of mina-sshd-api-core for plugin sshd
2022-11-20 03:56:59.196+0000 [id=65]	INFO	hudson.model.UpdateSite$Plugin#deploy: Adding dependent install of mina-sshd-api-common for plugin mina-sshd-api-core
2022-11-20 03:56:59.197+0000 [id=65]	INFO	hudson.model.UpdateSite$Plugin#deploy: Adding dependent install of token-macro for plugin build-timeout
2022-11-20 03:56:59.198+0000 [id=65]	INFO	hudson.model.UpdateSite$Plugin#deploy: Adding dependent install of structs for plugin token-macro
2022-11-20 03:56:59.199+0000 [id=97]	INFO	h.m.UpdateCenter$UpdateCenterConfiguration#download: Downloading cloudbees-folder
2022-11-20 03:56:59.200+0000 [id=65]	INFO	hudson.model.UpdateSite$Plugin#deploy: Adding dependent install of credentials for plugin credentials-binding
2022-11-20 03:56:59.200+0000 [id=65]	INFO	hudson.model.UpdateSite$Plugin#deploy: Adding dependent install of ssh-credentials for plugin credentials-binding
2022-11-20 03:56:59.201+0000 [id=65]	INFO	hudson.model.UpdateSite$Plugin#deploy: Adding dependent install of trilead-api for plugin ssh-credentials
2022-11-20 03:56:59.201+0000 [id=65]	INFO	hudson.model.UpdateSite$Plugin#deploy: Adding dependent install of workflow-step-api for plugin credentials-binding
2022-11-20 03:56:59.202+0000 [id=65]	INFO	hudson.model.UpdateSite$Plugin#deploy: Adding dependent install of plain-credentials for plugin credentials-binding
2022-11-20 03:56:59.203+0000 [id=65]	INFO	hudson.model.UpdateSite$Plugin#deploy: Adding dependent install of workflow-api for plugin timestamper
2022-11-20 03:56:59.204+0000 [id=65]	INFO	hudson.model.UpdateSite$Plugin#deploy: Adding dependent install of scm-api for plugin workflow-api
2022-11-20 03:56:59.205+0000 [id=65]	INFO	hudson.model.UpdateSite$Plugin#deploy: Adding dependent install of commons-lang3-api for plugin timestamper
2022-11-20 03:56:59.206+0000 [id=65]	INFO	hudson.model.UpdateSite$Plugin#deploy: Adding dependent install of matrix-project for plugin ws-cleanup
2022-11-20 03:56:59.208+0000 [id=65]	INFO	hudson.model.UpdateSite$Plugin#deploy: Adding dependent install of script-security for plugin matrix-project
2022-11-20 03:56:59.209+0000 [id=65]	INFO	hudson.model.UpdateSite$Plugin#deploy: Adding dependent install of caffeine-api for plugin script-security
2022-11-20 03:56:59.210+0000 [id=65]	INFO	hudson.model.UpdateSite$Plugin#deploy: Adding dependent install of junit for plugin matrix-project
2022-11-20 03:56:59.217+0000 [id=65]	INFO	hudson.model.UpdateSite$Plugin#deploy: Adding dependent install of ionicons-api for plugin junit
2022-11-20 03:56:59.218+0000 [id=65]	INFO	hudson.model.UpdateSite$Plugin#deploy: Adding dependent install of jackson2-api for plugin junit
2022-11-20 03:56:59.219+0000 [id=65]	INFO	hudson.model.UpdateSite$Plugin#deploy: Adding dependent install of jaxb for plugin jackson2-api
2022-11-20 03:56:59.219+0000 [id=65]	INFO	hudson.model.UpdateSite$Plugin#deploy: Adding dependent install of snakeyaml-api for plugin jackson2-api
2022-11-20 03:56:59.220+0000 [id=65]	INFO	hudson.model.UpdateSite$Plugin#deploy: Adding dependent install of bootstrap5-api for plugin junit
2022-11-20 03:56:59.220+0000 [id=65]	INFO	hudson.model.UpdateSite$Plugin#deploy: Adding dependent install of font-awesome-api for plugin bootstrap5-api
2022-11-20 03:56:59.220+0000 [id=65]	INFO	hudson.model.UpdateSite$Plugin#deploy: Adding dependent install of plugin-util-api for plugin font-awesome-api
2022-11-20 03:56:59.221+0000 [id=65]	INFO	hudson.model.UpdateSite$Plugin#deploy: Adding dependent install of commons-text-api for plugin plugin-util-api
2022-11-20 03:56:59.221+0000 [id=65]	INFO	hudson.model.UpdateSite$Plugin#deploy: Adding dependent install of popper2-api for plugin bootstrap5-api
2022-11-20 03:56:59.222+0000 [id=65]	INFO	hudson.model.UpdateSite$Plugin#deploy: Adding dependent install of echarts-api for plugin junit
2022-11-20 03:56:59.222+0000 [id=65]	INFO	hudson.model.UpdateSite$Plugin#deploy: Adding dependent install of jquery3-api for plugin echarts-api
2022-11-20 03:56:59.223+0000 [id=65]	INFO	hudson.model.UpdateSite$Plugin#deploy: Adding dependent install of display-url-api for plugin junit
2022-11-20 03:56:59.224+0000 [id=65]	INFO	hudson.model.UpdateSite$Plugin#deploy: Adding dependent install of checks-api for plugin junit
2022-11-20 03:56:59.224+0000 [id=65]	INFO	hudson.model.UpdateSite$Plugin#deploy: Adding dependent install of workflow-support for plugin checks-api
2022-11-20 03:56:59.225+0000 [id=65]	INFO	hudson.model.UpdateSite$Plugin#deploy: Adding dependent install of resource-disposer for plugin ws-cleanup
2022-11-20 03:56:59.226+0000 [id=65]	INFO	hudson.model.UpdateSite$Plugin#deploy: Adding dependent install of workflow-cps for plugin gradle
2022-11-20 03:56:59.227+0000 [id=65]	INFO	hudson.model.UpdateSite$Plugin#deploy: Adding dependent install of ace-editor for plugin workflow-cps
2022-11-20 03:56:59.228+0000 [id=65]	INFO	hudson.model.UpdateSite$Plugin#deploy: Adding dependent install of jdk-tool for plugin ace-editor
2022-11-20 03:56:59.228+0000 [id=65]	INFO	hudson.model.UpdateSite$Plugin#deploy: Adding dependent install of apache-httpcomponents-client-4-api for plugin jdk-tool
2022-11-20 03:56:59.229+0000 [id=65]	INFO	hudson.model.UpdateSite$Plugin#deploy: Adding dependent install of command-launcher for plugin ace-editor
2022-11-20 03:56:59.229+0000 [id=65]	INFO	hudson.model.UpdateSite$Plugin#deploy: Adding dependent install of workflow-scm-step for plugin workflow-cps
2022-11-20 03:56:59.231+0000 [id=65]	INFO	hudson.model.UpdateSite$Plugin#deploy: Adding dependent install of workflow-durable-task-step for plugin gradle
2022-11-20 03:56:59.231+0000 [id=65]	INFO	hudson.model.UpdateSite$Plugin#deploy: Adding dependent install of durable-task for plugin workflow-durable-task-step
2022-11-20 03:56:59.232+0000 [id=65]	INFO	hudson.model.UpdateSite$Plugin#deploy: Adding dependent install of workflow-job for plugin gradle
2022-11-20 03:56:59.233+0000 [id=65]	INFO	hudson.model.UpdateSite$Plugin#deploy: Adding dependent install of workflow-basic-steps for plugin gradle
2022-11-20 03:56:59.233+0000 [id=65]	INFO	hudson.model.UpdateSite$Plugin#deploy: Adding dependent install of jakarta-mail-api for plugin workflow-basic-steps
2022-11-20 03:56:59.234+0000 [id=65]	INFO	hudson.model.UpdateSite$Plugin#deploy: Adding dependent install of jakarta-activation-api for plugin jakarta-mail-api
2022-11-20 03:56:59.234+0000 [id=65]	INFO	hudson.model.UpdateSite$Plugin#deploy: Adding dependent install of mailer for plugin workflow-basic-steps
2022-11-20 03:56:59.235+0000 [id=65]	INFO	hudson.model.UpdateSite$Plugin#deploy: Adding dependent install of pipeline-milestone-step for plugin workflow-aggregator
2022-11-20 03:56:59.236+0000 [id=65]	INFO	hudson.model.UpdateSite$Plugin#deploy: Adding dependent install of pipeline-build-step for plugin workflow-aggregator
2022-11-20 03:56:59.237+0000 [id=65]	INFO	hudson.model.UpdateSite$Plugin#deploy: Adding dependent install of pipeline-groovy-lib for plugin workflow-aggregator
2022-11-20 03:56:59.238+0000 [id=65]	INFO	hudson.model.UpdateSite$Plugin#deploy: Adding dependent install of variant for plugin pipeline-groovy-lib
2022-11-20 03:56:59.238+0000 [id=65]	INFO	hudson.model.UpdateSite$Plugin#deploy: Adding dependent install of pipeline-model-definition for plugin workflow-aggregator
2022-11-20 03:56:59.239+0000 [id=65]	INFO	hudson.model.UpdateSite$Plugin#deploy: Adding dependent install of pipeline-model-extensions for plugin pipeline-model-definition
2022-11-20 03:56:59.240+0000 [id=65]	INFO	hudson.model.UpdateSite$Plugin#deploy: Adding dependent install of pipeline-model-api for plugin pipeline-model-extensions
2022-11-20 03:56:59.240+0000 [id=65]	INFO	hudson.model.UpdateSite$Plugin#deploy: Adding dependent install of pipeline-stage-step for plugin pipeline-model-extensions
2022-11-20 03:56:59.241+0000 [id=65]	INFO	hudson.model.UpdateSite$Plugin#deploy: Adding dependent install of workflow-multibranch for plugin pipeline-model-definition
2022-11-20 03:56:59.242+0000 [id=65]	INFO	hudson.model.UpdateSite$Plugin#deploy: Adding dependent install of branch-api for plugin workflow-multibranch
2022-11-20 03:56:59.242+0000 [id=65]	INFO	hudson.model.UpdateSite$Plugin#deploy: Adding dependent install of pipeline-stage-tags-metadata for plugin pipeline-model-definition
2022-11-20 03:56:59.243+0000 [id=65]	INFO	hudson.model.UpdateSite$Plugin#deploy: Adding dependent install of git-client for plugin pipeline-model-definition
2022-11-20 03:56:59.245+0000 [id=65]	INFO	hudson.model.UpdateSite$Plugin#deploy: Adding dependent install of jsch for plugin git-client
2022-11-20 03:56:59.245+0000 [id=65]	INFO	hudson.model.UpdateSite$Plugin#deploy: Adding dependent install of pipeline-input-step for plugin pipeline-model-definition
2022-11-20 03:56:59.246+0000 [id=65]	INFO	hudson.model.UpdateSite$Plugin#deploy: Adding dependent install of jjwt-api for plugin github-branch-source
2022-11-20 03:56:59.246+0000 [id=65]	INFO	hudson.model.UpdateSite$Plugin#deploy: Adding dependent install of okhttp-api for plugin github-branch-source
2022-11-20 03:56:59.247+0000 [id=65]	INFO	hudson.model.UpdateSite$Plugin#deploy: Adding dependent install of github-api for plugin github-branch-source
2022-11-20 03:56:59.247+0000 [id=65]	INFO	hudson.model.UpdateSite$Plugin#deploy: Adding dependent install of github for plugin github-branch-source
2022-11-20 03:56:59.248+0000 [id=65]	INFO	hudson.model.UpdateSite$Plugin#deploy: Adding dependent install of git for plugin github
2022-11-20 03:56:59.249+0000 [id=65]	INFO	hudson.model.UpdateSite$Plugin#deploy: Adding dependent install of pipeline-rest-api for plugin pipeline-stage-view
2022-11-20 03:56:59.250+0000 [id=65]	INFO	hudson.model.UpdateSite$Plugin#deploy: Adding dependent install of pipeline-graph-analysis for plugin pipeline-rest-api
2022-11-20 03:56:59.251+0000 [id=65]	INFO	hudson.model.UpdateSite$Plugin#deploy: Adding dependent install of momentjs for plugin pipeline-stage-view
2022-11-20 03:57:02.169+0000 [id=97]	INFO	h.model.UpdateCenter$DownloadJob#run: Installation successful: cloudbees-folder
2022-11-20 03:57:02.169+0000 [id=97]	INFO	h.model.UpdateCenter$DownloadJob#run: Starting the installation of javax-activation-api on behalf of admin
2022-11-20 03:57:02.169+0000 [id=97]	INFO	h.m.UpdateCenter$UpdateCenterConfiguration#download: Downloading javax-activation-api
2022-11-20 03:57:03.691+0000 [id=97]	INFO	h.model.UpdateCenter$DownloadJob#run: Installation successful: javax-activation-api
2022-11-20 03:57:03.691+0000 [id=97]	INFO	h.model.UpdateCenter$DownloadJob#run: Starting the installation of javax-mail-api on behalf of admin
2022-11-20 03:57:03.691+0000 [id=97]	INFO	h.m.UpdateCenter$UpdateCenterConfiguration#download: Downloading javax-mail-api
2022-11-20 03:57:06.528+0000 [id=97]	INFO	h.model.UpdateCenter$DownloadJob#run: Installation successful: javax-mail-api
2022-11-20 03:57:06.528+0000 [id=97]	INFO	h.model.UpdateCenter$DownloadJob#run: Starting the installation of bouncycastle-api on behalf of admin
2022-11-20 03:57:06.529+0000 [id=97]	INFO	h.m.UpdateCenter$UpdateCenterConfiguration#download: Downloading bouncycastle-api
2022-11-20 03:57:12.012+0000 [id=97]	INFO	h.model.UpdateCenter$DownloadJob#run: Installation successful: bouncycastle-api
2022-11-20 03:57:12.012+0000 [id=97]	INFO	h.model.UpdateCenter$DownloadJob#run: Starting the installation of instance-identity on behalf of admin
2022-11-20 03:57:12.012+0000 [id=97]	INFO	h.m.UpdateCenter$UpdateCenterConfiguration#download: Downloading instance-identity
2022-11-20 03:57:13.399+0000 [id=97]	INFO	h.model.UpdateCenter$DownloadJob#run: Installation successful: instance-identity
2022-11-20 03:57:13.399+0000 [id=97]	INFO	h.model.UpdateCenter$DownloadJob#run: Starting the installation of mina-sshd-api-common on behalf of admin
2022-11-20 03:57:13.400+0000 [id=97]	INFO	h.m.UpdateCenter$UpdateCenterConfiguration#download: Downloading mina-sshd-api-common
2022-11-20 03:57:15.513+0000 [id=97]	INFO	h.model.UpdateCenter$DownloadJob#run: Installation successful: mina-sshd-api-common
2022-11-20 03:57:15.513+0000 [id=97]	INFO	h.model.UpdateCenter$DownloadJob#run: Starting the installation of mina-sshd-api-core on behalf of admin
2022-11-20 03:57:15.514+0000 [id=97]	INFO	h.m.UpdateCenter$UpdateCenterConfiguration#download: Downloading mina-sshd-api-core
2022-11-20 03:57:17.340+0000 [id=97]	INFO	h.model.UpdateCenter$DownloadJob#run: Installation successful: mina-sshd-api-core
2022-11-20 03:57:17.342+0000 [id=97]	INFO	h.model.UpdateCenter$DownloadJob#run: Starting the installation of sshd on behalf of admin
2022-11-20 03:57:17.342+0000 [id=97]	INFO	h.m.UpdateCenter$UpdateCenterConfiguration#download: Downloading sshd
2022-11-20 03:57:18.741+0000 [id=97]	INFO	h.model.UpdateCenter$DownloadJob#run: Installation successful: sshd
2022-11-20 03:57:18.741+0000 [id=97]	INFO	h.model.UpdateCenter$DownloadJob#run: Starting the installation of antisamy-markup-formatter on behalf of admin
2022-11-20 03:57:18.742+0000 [id=97]	INFO	h.m.UpdateCenter$UpdateCenterConfiguration#download: Downloading antisamy-markup-formatter
2022-11-20 03:57:20.457+0000 [id=97]	INFO	h.model.UpdateCenter$DownloadJob#run: Installation successful: antisamy-markup-formatter
2022-11-20 03:57:20.458+0000 [id=97]	INFO	h.model.UpdateCenter$DownloadJob#run: Starting the installation of structs on behalf of admin
2022-11-20 03:57:20.458+0000 [id=97]	INFO	h.m.UpdateCenter$UpdateCenterConfiguration#download: Downloading structs
2022-11-20 03:57:21.820+0000 [id=97]	INFO	h.model.UpdateCenter$DownloadJob#run: Installation successful: structs
2022-11-20 03:57:21.820+0000 [id=97]	INFO	h.model.UpdateCenter$DownloadJob#run: Starting the installation of token-macro on behalf of admin
2022-11-20 03:57:21.820+0000 [id=97]	INFO	h.m.UpdateCenter$UpdateCenterConfiguration#download: Downloading token-macro
2022-11-20 03:57:23.760+0000 [id=97]	INFO	h.model.UpdateCenter$DownloadJob#run: Installation successful: token-macro
2022-11-20 03:57:23.760+0000 [id=97]	INFO	h.model.UpdateCenter$DownloadJob#run: Starting the installation of build-timeout on behalf of admin
2022-11-20 03:57:23.760+0000 [id=97]	INFO	h.m.UpdateCenter$UpdateCenterConfiguration#download: Downloading build-timeout
2022-11-20 03:57:25.148+0000 [id=97]	INFO	h.model.UpdateCenter$DownloadJob#run: Installation successful: build-timeout
2022-11-20 03:57:25.148+0000 [id=97]	INFO	h.model.UpdateCenter$DownloadJob#run: Starting the installation of credentials on behalf of admin
2022-11-20 03:57:25.149+0000 [id=97]	INFO	h.m.UpdateCenter$UpdateCenterConfiguration#download: Downloading credentials
2022-11-20 03:57:27.161+0000 [id=97]	INFO	h.model.UpdateCenter$DownloadJob#run: Installation successful: credentials
2022-11-20 03:57:27.161+0000 [id=97]	INFO	h.model.UpdateCenter$DownloadJob#run: Starting the installation of trilead-api on behalf of admin
2022-11-20 03:57:27.161+0000 [id=97]	INFO	h.m.UpdateCenter$UpdateCenterConfiguration#download: Downloading trilead-api
2022-11-20 03:57:29.300+0000 [id=97]	INFO	h.model.UpdateCenter$DownloadJob#run: Installation successful: trilead-api
2022-11-20 03:57:29.300+0000 [id=97]	INFO	h.model.UpdateCenter$DownloadJob#run: Starting the installation of ssh-credentials on behalf of admin
2022-11-20 03:57:29.301+0000 [id=97]	INFO	h.m.UpdateCenter$UpdateCenterConfiguration#download: Downloading ssh-credentials
2022-11-20 03:57:30.545+0000 [id=97]	INFO	h.model.UpdateCenter$DownloadJob#run: Installation successful: ssh-credentials
2022-11-20 03:57:30.546+0000 [id=97]	INFO	h.model.UpdateCenter$DownloadJob#run: Starting the installation of workflow-step-api on behalf of admin
2022-11-20 03:57:30.546+0000 [id=97]	INFO	h.m.UpdateCenter$UpdateCenterConfiguration#download: Downloading workflow-step-api
2022-11-20 03:57:32.163+0000 [id=97]	INFO	h.model.UpdateCenter$DownloadJob#run: Installation successful: workflow-step-api
2022-11-20 03:57:32.163+0000 [id=97]	INFO	h.model.UpdateCenter$DownloadJob#run: Starting the installation of plain-credentials on behalf of admin
2022-11-20 03:57:32.163+0000 [id=97]	INFO	h.m.UpdateCenter$UpdateCenterConfiguration#download: Downloading plain-credentials
2022-11-20 03:57:33.580+0000 [id=97]	INFO	h.model.UpdateCenter$DownloadJob#run: Installation successful: plain-credentials
2022-11-20 03:57:33.580+0000 [id=97]	INFO	h.model.UpdateCenter$DownloadJob#run: Starting the installation of credentials-binding on behalf of admin
2022-11-20 03:57:33.580+0000 [id=97]	INFO	h.m.UpdateCenter$UpdateCenterConfiguration#download: Downloading credentials-binding
2022-11-20 03:57:35.107+0000 [id=97]	INFO	h.model.UpdateCenter$DownloadJob#run: Installation successful: credentials-binding
2022-11-20 03:57:35.107+0000 [id=97]	INFO	h.model.UpdateCenter$DownloadJob#run: Starting the installation of scm-api on behalf of admin
2022-11-20 03:57:35.107+0000 [id=97]	INFO	h.m.UpdateCenter$UpdateCenterConfiguration#download: Downloading scm-api
2022-11-20 03:57:36.894+0000 [id=97]	INFO	h.model.UpdateCenter$DownloadJob#run: Installation successful: scm-api
2022-11-20 03:57:36.894+0000 [id=97]	INFO	h.model.UpdateCenter$DownloadJob#run: Starting the installation of workflow-api on behalf of admin
2022-11-20 03:57:36.895+0000 [id=97]	INFO	h.m.UpdateCenter$UpdateCenterConfiguration#download: Downloading workflow-api
2022-11-20 03:57:38.446+0000 [id=97]	INFO	h.model.UpdateCenter$DownloadJob#run: Installation successful: workflow-api
2022-11-20 03:57:38.446+0000 [id=97]	INFO	h.model.UpdateCenter$DownloadJob#run: Starting the installation of commons-lang3-api on behalf of admin
2022-11-20 03:57:38.447+0000 [id=97]	INFO	h.m.UpdateCenter$UpdateCenterConfiguration#download: Downloading commons-lang3-api
2022-11-20 03:57:40.282+0000 [id=97]	INFO	h.model.UpdateCenter$DownloadJob#run: Installation successful: commons-lang3-api
2022-11-20 03:57:40.283+0000 [id=97]	INFO	h.model.UpdateCenter$DownloadJob#run: Starting the installation of timestamper on behalf of admin
2022-11-20 03:57:40.283+0000 [id=97]	INFO	h.m.UpdateCenter$UpdateCenterConfiguration#download: Downloading timestamper
2022-11-20 03:57:41.659+0000 [id=97]	INFO	h.model.UpdateCenter$DownloadJob#run: Installation successful: timestamper
2022-11-20 03:57:41.659+0000 [id=97]	INFO	h.model.UpdateCenter$DownloadJob#run: Starting the installation of caffeine-api on behalf of admin
2022-11-20 03:57:41.659+0000 [id=97]	INFO	h.m.UpdateCenter$UpdateCenterConfiguration#download: Downloading caffeine-api
2022-11-20 03:57:43.603+0000 [id=97]	INFO	h.model.UpdateCenter$DownloadJob#run: Installation successful: caffeine-api
2022-11-20 03:57:43.603+0000 [id=97]	INFO	h.model.UpdateCenter$DownloadJob#run: Starting the installation of script-security on behalf of admin
2022-11-20 03:57:43.603+0000 [id=97]	INFO	h.m.UpdateCenter$UpdateCenterConfiguration#download: Downloading script-security
2022-11-20 03:57:45.096+0000 [id=97]	INFO	h.model.UpdateCenter$DownloadJob#run: Installation successful: script-security
2022-11-20 03:57:45.096+0000 [id=97]	INFO	h.model.UpdateCenter$DownloadJob#run: Starting the installation of ionicons-api on behalf of admin
2022-11-20 03:57:45.096+0000 [id=97]	INFO	h.m.UpdateCenter$UpdateCenterConfiguration#download: Downloading ionicons-api
2022-11-20 03:57:46.917+0000 [id=97]	INFO	h.model.UpdateCenter$DownloadJob#run: Installation successful: ionicons-api
2022-11-20 03:57:46.917+0000 [id=97]	INFO	h.model.UpdateCenter$DownloadJob#run: Starting the installation of jaxb on behalf of admin
2022-11-20 03:57:46.917+0000 [id=97]	INFO	h.m.UpdateCenter$UpdateCenterConfiguration#download: Downloading jaxb
2022-11-20 03:57:50.145+0000 [id=97]	INFO	h.model.UpdateCenter$DownloadJob#run: Installation successful: jaxb
2022-11-20 03:57:50.145+0000 [id=97]	INFO	h.model.UpdateCenter$DownloadJob#run: Starting the installation of snakeyaml-api on behalf of admin
2022-11-20 03:57:50.145+0000 [id=97]	INFO	h.m.UpdateCenter$UpdateCenterConfiguration#download: Downloading snakeyaml-api
2022-11-20 03:57:51.810+0000 [id=97]	INFO	h.model.UpdateCenter$DownloadJob#run: Installation successful: snakeyaml-api
2022-11-20 03:57:51.810+0000 [id=97]	INFO	h.model.UpdateCenter$DownloadJob#run: Starting the installation of jackson2-api on behalf of admin
2022-11-20 03:57:51.811+0000 [id=97]	INFO	h.m.UpdateCenter$UpdateCenterConfiguration#download: Downloading jackson2-api
2022-11-20 03:57:54.827+0000 [id=97]	INFO	h.model.UpdateCenter$DownloadJob#run: Installation successful: jackson2-api
2022-11-20 03:57:54.827+0000 [id=97]	INFO	h.model.UpdateCenter$DownloadJob#run: Starting the installation of commons-text-api on behalf of admin
2022-11-20 03:57:54.827+0000 [id=97]	INFO	h.m.UpdateCenter$UpdateCenterConfiguration#download: Downloading commons-text-api
2022-11-20 03:57:56.449+0000 [id=97]	INFO	h.model.UpdateCenter$DownloadJob#run: Installation successful: commons-text-api
2022-11-20 03:57:56.449+0000 [id=97]	INFO	h.model.UpdateCenter$DownloadJob#run: Starting the installation of plugin-util-api on behalf of admin
2022-11-20 03:57:56.449+0000 [id=97]	INFO	h.m.UpdateCenter$UpdateCenterConfiguration#download: Downloading plugin-util-api
2022-11-20 03:57:58.213+0000 [id=97]	INFO	h.model.UpdateCenter$DownloadJob#run: Installation successful: plugin-util-api
2022-11-20 03:57:58.214+0000 [id=97]	INFO	h.model.UpdateCenter$DownloadJob#run: Starting the installation of font-awesome-api on behalf of admin
2022-11-20 03:57:58.214+0000 [id=97]	INFO	h.m.UpdateCenter$UpdateCenterConfiguration#download: Downloading font-awesome-api
2022-11-20 03:58:00.405+0000 [id=97]	INFO	h.model.UpdateCenter$DownloadJob#run: Installation successful: font-awesome-api
2022-11-20 03:58:00.405+0000 [id=97]	INFO	h.model.UpdateCenter$DownloadJob#run: Starting the installation of popper2-api on behalf of admin
2022-11-20 03:58:00.405+0000 [id=97]	INFO	h.m.UpdateCenter$UpdateCenterConfiguration#download: Downloading popper2-api
2022-11-20 03:58:01.991+0000 [id=97]	INFO	h.model.UpdateCenter$DownloadJob#run: Installation successful: popper2-api
2022-11-20 03:58:01.992+0000 [id=97]	INFO	h.model.UpdateCenter$DownloadJob#run: Starting the installation of bootstrap5-api on behalf of admin
2022-11-20 03:58:01.992+0000 [id=97]	INFO	h.m.UpdateCenter$UpdateCenterConfiguration#download: Downloading bootstrap5-api
2022-11-20 03:58:03.767+0000 [id=97]	INFO	h.model.UpdateCenter$DownloadJob#run: Installation successful: bootstrap5-api
2022-11-20 03:58:03.768+0000 [id=97]	INFO	h.model.UpdateCenter$DownloadJob#run: Starting the installation of jquery3-api on behalf of admin
2022-11-20 03:58:03.768+0000 [id=97]	INFO	h.m.UpdateCenter$UpdateCenterConfiguration#download: Downloading jquery3-api
2022-11-20 03:58:05.382+0000 [id=97]	INFO	h.model.UpdateCenter$DownloadJob#run: Installation successful: jquery3-api
2022-11-20 03:58:05.382+0000 [id=97]	INFO	h.model.UpdateCenter$DownloadJob#run: Starting the installation of echarts-api on behalf of admin
2022-11-20 03:58:05.382+0000 [id=97]	INFO	h.m.UpdateCenter$UpdateCenterConfiguration#download: Downloading echarts-api
2022-11-20 03:58:13.243+0000 [id=97]	INFO	h.model.UpdateCenter$DownloadJob#run: Installation successful: echarts-api
2022-11-20 03:58:13.243+0000 [id=97]	INFO	h.model.UpdateCenter$DownloadJob#run: Starting the installation of display-url-api on behalf of admin
2022-11-20 03:58:13.243+0000 [id=97]	INFO	h.m.UpdateCenter$UpdateCenterConfiguration#download: Downloading display-url-api
2022-11-20 03:58:14.473+0000 [id=97]	INFO	h.model.UpdateCenter$DownloadJob#run: Installation successful: display-url-api
2022-11-20 03:58:14.473+0000 [id=97]	INFO	h.model.UpdateCenter$DownloadJob#run: Starting the installation of workflow-support on behalf of admin
2022-11-20 03:58:14.474+0000 [id=97]	INFO	h.m.UpdateCenter$UpdateCenterConfiguration#download: Downloading workflow-support
2022-11-20 03:58:16.268+0000 [id=97]	INFO	h.model.UpdateCenter$DownloadJob#run: Installation successful: workflow-support
2022-11-20 03:58:16.268+0000 [id=97]	INFO	h.model.UpdateCenter$DownloadJob#run: Starting the installation of checks-api on behalf of admin
2022-11-20 03:58:16.269+0000 [id=97]	INFO	h.m.UpdateCenter$UpdateCenterConfiguration#download: Downloading checks-api
2022-11-20 03:58:17.723+0000 [id=97]	INFO	h.model.UpdateCenter$DownloadJob#run: Installation successful: checks-api
2022-11-20 03:58:17.724+0000 [id=97]	INFO	h.model.UpdateCenter$DownloadJob#run: Starting the installation of junit on behalf of admin
2022-11-20 03:58:17.724+0000 [id=97]	INFO	h.m.UpdateCenter$UpdateCenterConfiguration#download: Downloading junit
2022-11-20 03:58:19.539+0000 [id=97]	INFO	h.model.UpdateCenter$DownloadJob#run: Installation successful: junit
2022-11-20 03:58:19.539+0000 [id=97]	INFO	h.model.UpdateCenter$DownloadJob#run: Starting the installation of matrix-project on behalf of admin
2022-11-20 03:58:19.539+0000 [id=97]	INFO	h.m.UpdateCenter$UpdateCenterConfiguration#download: Downloading matrix-project
2022-11-20 03:58:21.068+0000 [id=97]	INFO	h.model.UpdateCenter$DownloadJob#run: Installation successful: matrix-project
2022-11-20 03:58:21.068+0000 [id=97]	INFO	h.model.UpdateCenter$DownloadJob#run: Starting the installation of resource-disposer on behalf of admin
2022-11-20 03:58:21.068+0000 [id=97]	INFO	h.m.UpdateCenter$UpdateCenterConfiguration#download: Downloading resource-disposer
2022-11-20 03:58:22.346+0000 [id=97]	INFO	h.model.UpdateCenter$DownloadJob#run: Installation successful: resource-disposer
2022-11-20 03:58:22.347+0000 [id=97]	INFO	h.model.UpdateCenter$DownloadJob#run: Starting the installation of ws-cleanup on behalf of admin
2022-11-20 03:58:22.347+0000 [id=97]	INFO	h.m.UpdateCenter$UpdateCenterConfiguration#download: Downloading ws-cleanup
2022-11-20 03:58:24.056+0000 [id=97]	INFO	h.model.UpdateCenter$DownloadJob#run: Installation successful: ws-cleanup
2022-11-20 03:58:24.056+0000 [id=97]	INFO	h.model.UpdateCenter$DownloadJob#run: Starting the installation of ant on behalf of admin
2022-11-20 03:58:24.057+0000 [id=97]	INFO	h.m.UpdateCenter$UpdateCenterConfiguration#download: Downloading ant
2022-11-20 03:58:25.641+0000 [id=97]	INFO	h.model.UpdateCenter$DownloadJob#run: Installation successful: ant
2022-11-20 03:58:25.641+0000 [id=97]	INFO	h.model.UpdateCenter$DownloadJob#run: Starting the installation of apache-httpcomponents-client-4-api on behalf of admin
2022-11-20 03:58:25.641+0000 [id=97]	INFO	h.m.UpdateCenter$UpdateCenterConfiguration#download: Downloading apache-httpcomponents-client-4-api
2022-11-20 03:58:27.955+0000 [id=97]	INFO	h.model.UpdateCenter$DownloadJob#run: Installation successful: apache-httpcomponents-client-4-api
2022-11-20 03:58:27.955+0000 [id=97]	INFO	h.model.UpdateCenter$DownloadJob#run: Starting the installation of jdk-tool on behalf of admin
2022-11-20 03:58:27.955+0000 [id=97]	INFO	h.m.UpdateCenter$UpdateCenterConfiguration#download: Downloading jdk-tool
2022-11-20 03:58:29.372+0000 [id=97]	INFO	h.model.UpdateCenter$DownloadJob#run: Installation successful: jdk-tool
2022-11-20 03:58:29.372+0000 [id=97]	INFO	h.model.UpdateCenter$DownloadJob#run: Starting the installation of command-launcher on behalf of admin
2022-11-20 03:58:29.372+0000 [id=97]	INFO	h.m.UpdateCenter$UpdateCenterConfiguration#download: Downloading command-launcher
2022-11-20 03:58:30.760+0000 [id=97]	INFO	h.model.UpdateCenter$DownloadJob#run: Installation successful: command-launcher
2022-11-20 03:58:30.760+0000 [id=97]	INFO	h.model.UpdateCenter$DownloadJob#run: Starting the installation of ace-editor on behalf of admin
2022-11-20 03:58:30.760+0000 [id=97]	INFO	h.m.UpdateCenter$UpdateCenterConfiguration#download: Downloading ace-editor
2022-11-20 03:58:35.866+0000 [id=97]	INFO	h.model.UpdateCenter$DownloadJob#run: Installation successful: ace-editor
2022-11-20 03:58:35.866+0000 [id=97]	INFO	h.model.UpdateCenter$DownloadJob#run: Starting the installation of workflow-scm-step on behalf of admin
2022-11-20 03:58:35.866+0000 [id=97]	INFO	h.m.UpdateCenter$UpdateCenterConfiguration#download: Downloading workflow-scm-step
2022-11-20 03:58:37.567+0000 [id=97]	INFO	h.model.UpdateCenter$DownloadJob#run: Installation successful: workflow-scm-step
2022-11-20 03:58:37.567+0000 [id=97]	INFO	h.model.UpdateCenter$DownloadJob#run: Starting the installation of workflow-cps on behalf of admin
2022-11-20 03:58:37.567+0000 [id=97]	INFO	h.m.UpdateCenter$UpdateCenterConfiguration#download: Downloading workflow-cps
2022-11-20 03:58:40.146+0000 [id=97]	INFO	h.model.UpdateCenter$DownloadJob#run: Installation successful: workflow-cps
2022-11-20 03:58:40.146+0000 [id=97]	INFO	h.model.UpdateCenter$DownloadJob#run: Starting the installation of durable-task on behalf of admin
2022-11-20 03:58:40.146+0000 [id=97]	INFO	h.m.UpdateCenter$UpdateCenterConfiguration#download: Downloading durable-task
2022-11-20 03:58:44.701+0000 [id=97]	INFO	h.model.UpdateCenter$DownloadJob#run: Installation successful: durable-task
2022-11-20 03:58:44.701+0000 [id=97]	INFO	h.model.UpdateCenter$DownloadJob#run: Starting the installation of workflow-durable-task-step on behalf of admin
2022-11-20 03:58:44.701+0000 [id=97]	INFO	h.m.UpdateCenter$UpdateCenterConfiguration#download: Downloading workflow-durable-task-step
2022-11-20 03:58:46.116+0000 [id=97]	INFO	h.model.UpdateCenter$DownloadJob#run: Installation successful: workflow-durable-task-step
2022-11-20 03:58:46.116+0000 [id=97]	INFO	h.model.UpdateCenter$DownloadJob#run: Starting the installation of workflow-job on behalf of admin
2022-11-20 03:58:46.116+0000 [id=97]	INFO	h.m.UpdateCenter$UpdateCenterConfiguration#download: Downloading workflow-job
2022-11-20 03:58:48.037+0000 [id=97]	INFO	h.model.UpdateCenter$DownloadJob#run: Installation successful: workflow-job
2022-11-20 03:58:48.037+0000 [id=97]	INFO	h.model.UpdateCenter$DownloadJob#run: Starting the installation of jakarta-activation-api on behalf of admin
2022-11-20 03:58:48.038+0000 [id=97]	INFO	h.m.UpdateCenter$UpdateCenterConfiguration#download: Downloading jakarta-activation-api
2022-11-20 03:58:49.613+0000 [id=97]	INFO	h.model.UpdateCenter$DownloadJob#run: Installation successful: jakarta-activation-api
2022-11-20 03:58:49.613+0000 [id=97]	INFO	h.model.UpdateCenter$DownloadJob#run: Starting the installation of jakarta-mail-api on behalf of admin
2022-11-20 03:58:49.613+0000 [id=97]	INFO	h.m.UpdateCenter$UpdateCenterConfiguration#download: Downloading jakarta-mail-api
2022-11-20 03:58:51.568+0000 [id=97]	INFO	h.model.UpdateCenter$DownloadJob#run: Installation successful: jakarta-mail-api
2022-11-20 03:58:51.568+0000 [id=97]	INFO	h.model.UpdateCenter$DownloadJob#run: Starting the installation of mailer on behalf of admin
2022-11-20 03:58:51.568+0000 [id=97]	INFO	h.m.UpdateCenter$UpdateCenterConfiguration#download: Downloading mailer
2022-11-20 03:58:52.959+0000 [id=97]	INFO	h.model.UpdateCenter$DownloadJob#run: Installation successful: mailer
2022-11-20 03:58:52.959+0000 [id=97]	INFO	h.model.UpdateCenter$DownloadJob#run: Starting the installation of workflow-basic-steps on behalf of admin
2022-11-20 03:58:52.960+0000 [id=97]	INFO	h.m.UpdateCenter$UpdateCenterConfiguration#download: Downloading workflow-basic-steps
2022-11-20 03:58:54.625+0000 [id=97]	INFO	h.model.UpdateCenter$DownloadJob#run: Installation successful: workflow-basic-steps
2022-11-20 03:58:54.625+0000 [id=97]	INFO	h.model.UpdateCenter$DownloadJob#run: Starting the installation of gradle on behalf of admin
2022-11-20 03:58:54.625+0000 [id=97]	INFO	h.m.UpdateCenter$UpdateCenterConfiguration#download: Downloading gradle
2022-11-20 03:59:02.791+0000 [id=97]	INFO	h.model.UpdateCenter$DownloadJob#run: Installation successful: gradle
2022-11-20 03:59:02.791+0000 [id=97]	INFO	h.model.UpdateCenter$DownloadJob#run: Starting the installation of pipeline-milestone-step on behalf of admin
2022-11-20 03:59:02.791+0000 [id=97]	INFO	h.m.UpdateCenter$UpdateCenterConfiguration#download: Downloading pipeline-milestone-step
2022-11-20 03:59:03.999+0000 [id=97]	INFO	h.model.UpdateCenter$DownloadJob#run: Installation successful: pipeline-milestone-step
2022-11-20 03:59:03.999+0000 [id=97]	INFO	h.model.UpdateCenter$DownloadJob#run: Starting the installation of pipeline-build-step on behalf of admin
2022-11-20 03:59:03.999+0000 [id=97]	INFO	h.m.UpdateCenter$UpdateCenterConfiguration#download: Downloading pipeline-build-step
2022-11-20 03:59:05.365+0000 [id=97]	INFO	h.model.UpdateCenter$DownloadJob#run: Installation successful: pipeline-build-step
2022-11-20 03:59:05.365+0000 [id=97]	INFO	h.model.UpdateCenter$DownloadJob#run: Starting the installation of variant on behalf of admin
2022-11-20 03:59:05.365+0000 [id=97]	INFO	h.m.UpdateCenter$UpdateCenterConfiguration#download: Downloading variant
2022-11-20 03:59:06.604+0000 [id=97]	INFO	h.model.UpdateCenter$DownloadJob#run: Installation successful: variant
2022-11-20 03:59:06.604+0000 [id=97]	INFO	h.model.UpdateCenter$DownloadJob#run: Starting the installation of pipeline-groovy-lib on behalf of admin
2022-11-20 03:59:06.604+0000 [id=97]	INFO	h.m.UpdateCenter$UpdateCenterConfiguration#download: Downloading pipeline-groovy-lib
2022-11-20 03:59:09.520+0000 [id=97]	INFO	h.model.UpdateCenter$DownloadJob#run: Installation successful: pipeline-groovy-lib
2022-11-20 03:59:09.520+0000 [id=97]	INFO	h.model.UpdateCenter$DownloadJob#run: Starting the installation of pipeline-model-api on behalf of admin
2022-11-20 03:59:09.521+0000 [id=97]	INFO	h.m.UpdateCenter$UpdateCenterConfiguration#download: Downloading pipeline-model-api
2022-11-20 03:59:12.421+0000 [id=97]	INFO	h.model.UpdateCenter$DownloadJob#run: Installation successful: pipeline-model-api
2022-11-20 03:59:12.421+0000 [id=97]	INFO	h.model.UpdateCenter$DownloadJob#run: Starting the installation of pipeline-stage-step on behalf of admin
2022-11-20 03:59:12.421+0000 [id=97]	INFO	h.m.UpdateCenter$UpdateCenterConfiguration#download: Downloading pipeline-stage-step
2022-11-20 03:59:13.669+0000 [id=97]	INFO	h.model.UpdateCenter$DownloadJob#run: Installation successful: pipeline-stage-step
2022-11-20 03:59:13.669+0000 [id=97]	INFO	h.model.UpdateCenter$DownloadJob#run: Starting the installation of pipeline-model-extensions on behalf of admin
2022-11-20 03:59:13.670+0000 [id=97]	INFO	h.m.UpdateCenter$UpdateCenterConfiguration#download: Downloading pipeline-model-extensions
2022-11-20 03:59:15.218+0000 [id=97]	INFO	h.model.UpdateCenter$DownloadJob#run: Installation successful: pipeline-model-extensions
2022-11-20 03:59:15.218+0000 [id=97]	INFO	h.model.UpdateCenter$DownloadJob#run: Starting the installation of branch-api on behalf of admin
2022-11-20 03:59:15.219+0000 [id=97]	INFO	h.m.UpdateCenter$UpdateCenterConfiguration#download: Downloading branch-api
2022-11-20 03:59:17.030+0000 [id=97]	INFO	h.model.UpdateCenter$DownloadJob#run: Installation successful: branch-api
2022-11-20 03:59:17.030+0000 [id=97]	INFO	h.model.UpdateCenter$DownloadJob#run: Starting the installation of workflow-multibranch on behalf of admin
2022-11-20 03:59:17.031+0000 [id=97]	INFO	h.m.UpdateCenter$UpdateCenterConfiguration#download: Downloading workflow-multibranch
2022-11-20 03:59:18.387+0000 [id=97]	INFO	h.model.UpdateCenter$DownloadJob#run: Installation successful: workflow-multibranch
2022-11-20 03:59:18.387+0000 [id=97]	INFO	h.model.UpdateCenter$DownloadJob#run: Starting the installation of pipeline-stage-tags-metadata on behalf of admin
2022-11-20 03:59:18.387+0000 [id=97]	INFO	h.m.UpdateCenter$UpdateCenterConfiguration#download: Downloading pipeline-stage-tags-metadata
2022-11-20 03:59:19.664+0000 [id=97]	INFO	h.model.UpdateCenter$DownloadJob#run: Installation successful: pipeline-stage-tags-metadata
2022-11-20 03:59:19.664+0000 [id=97]	INFO	h.model.UpdateCenter$DownloadJob#run: Starting the installation of jsch on behalf of admin
2022-11-20 03:59:19.664+0000 [id=97]	INFO	h.m.UpdateCenter$UpdateCenterConfiguration#download: Downloading jsch
2022-11-20 03:59:21.498+0000 [id=97]	INFO	h.model.UpdateCenter$DownloadJob#run: Installation successful: jsch
2022-11-20 03:59:21.498+0000 [id=97]	INFO	h.model.UpdateCenter$DownloadJob#run: Starting the installation of git-client on behalf of admin
2022-11-20 03:59:21.498+0000 [id=97]	INFO	h.m.UpdateCenter$UpdateCenterConfiguration#download: Downloading git-client
2022-11-20 03:59:24.250+0000 [id=97]	INFO	h.model.UpdateCenter$DownloadJob#run: Installation successful: git-client
2022-11-20 03:59:24.250+0000 [id=97]	INFO	h.model.UpdateCenter$DownloadJob#run: Starting the installation of pipeline-input-step on behalf of admin
2022-11-20 03:59:24.250+0000 [id=97]	INFO	h.m.UpdateCenter$UpdateCenterConfiguration#download: Downloading pipeline-input-step
2022-11-20 03:59:25.462+0000 [id=97]	INFO	h.model.UpdateCenter$DownloadJob#run: Installation successful: pipeline-input-step
2022-11-20 03:59:25.462+0000 [id=97]	INFO	h.model.UpdateCenter$DownloadJob#run: Starting the installation of pipeline-model-definition on behalf of admin
2022-11-20 03:59:25.462+0000 [id=97]	INFO	h.m.UpdateCenter$UpdateCenterConfiguration#download: Downloading pipeline-model-definition
2022-11-20 03:59:27.748+0000 [id=97]	INFO	h.model.UpdateCenter$DownloadJob#run: Installation successful: pipeline-model-definition
2022-11-20 03:59:27.748+0000 [id=97]	INFO	h.model.UpdateCenter$DownloadJob#run: Starting the installation of workflow-aggregator on behalf of admin
2022-11-20 03:59:27.748+0000 [id=97]	INFO	h.m.UpdateCenter$UpdateCenterConfiguration#download: Downloading workflow-aggregator
2022-11-20 03:59:28.971+0000 [id=97]	INFO	h.model.UpdateCenter$DownloadJob#run: Installation successful: workflow-aggregator
2022-11-20 03:59:28.971+0000 [id=97]	INFO	h.model.UpdateCenter$DownloadJob#run: Starting the installation of jjwt-api on behalf of admin
2022-11-20 03:59:28.971+0000 [id=97]	INFO	h.m.UpdateCenter$UpdateCenterConfiguration#download: Downloading jjwt-api
2022-11-20 03:59:30.639+0000 [id=97]	INFO	h.model.UpdateCenter$DownloadJob#run: Installation successful: jjwt-api
2022-11-20 03:59:30.639+0000 [id=97]	INFO	h.model.UpdateCenter$DownloadJob#run: Starting the installation of okhttp-api on behalf of admin
2022-11-20 03:59:30.639+0000 [id=97]	INFO	h.m.UpdateCenter$UpdateCenterConfiguration#download: Downloading okhttp-api
2022-11-20 03:59:33.524+0000 [id=97]	INFO	h.model.UpdateCenter$DownloadJob#run: Installation successful: okhttp-api
2022-11-20 03:59:33.524+0000 [id=97]	INFO	h.model.UpdateCenter$DownloadJob#run: Starting the installation of github-api on behalf of admin
2022-11-20 03:59:33.524+0000 [id=97]	INFO	h.m.UpdateCenter$UpdateCenterConfiguration#download: Downloading github-api
2022-11-20 03:59:35.759+0000 [id=97]	INFO	h.model.UpdateCenter$DownloadJob#run: Installation successful: github-api
2022-11-20 03:59:35.759+0000 [id=97]	INFO	h.model.UpdateCenter$DownloadJob#run: Starting the installation of git on behalf of admin
2022-11-20 03:59:35.760+0000 [id=97]	INFO	h.m.UpdateCenter$UpdateCenterConfiguration#download: Downloading git
2022-11-20 03:59:37.636+0000 [id=97]	INFO	h.model.UpdateCenter$DownloadJob#run: Installation successful: git
2022-11-20 03:59:37.636+0000 [id=97]	INFO	h.model.UpdateCenter$DownloadJob#run: Starting the installation of github on behalf of admin
2022-11-20 03:59:37.636+0000 [id=97]	INFO	h.m.UpdateCenter$UpdateCenterConfiguration#download: Downloading github
2022-11-20 03:59:39.539+0000 [id=97]	INFO	h.model.UpdateCenter$DownloadJob#run: Installation successful: github
2022-11-20 03:59:39.539+0000 [id=97]	INFO	h.model.UpdateCenter$DownloadJob#run: Starting the installation of github-branch-source on behalf of admin
2022-11-20 03:59:39.539+0000 [id=97]	INFO	h.m.UpdateCenter$UpdateCenterConfiguration#download: Downloading github-branch-source
2022-11-20 03:59:41.195+0000 [id=97]	INFO	h.model.UpdateCenter$DownloadJob#run: Installation successful: github-branch-source
2022-11-20 03:59:41.195+0000 [id=97]	INFO	h.model.UpdateCenter$DownloadJob#run: Starting the installation of pipeline-github-lib on behalf of admin
2022-11-20 03:59:41.195+0000 [id=97]	INFO	h.m.UpdateCenter$UpdateCenterConfiguration#download: Downloading pipeline-github-lib
2022-11-20 03:59:42.870+0000 [id=97]	INFO	h.model.UpdateCenter$DownloadJob#run: Installation successful: pipeline-github-lib
2022-11-20 03:59:42.870+0000 [id=97]	INFO	h.model.UpdateCenter$DownloadJob#run: Starting the installation of pipeline-graph-analysis on behalf of admin
2022-11-20 03:59:42.871+0000 [id=97]	INFO	h.m.UpdateCenter$UpdateCenterConfiguration#download: Downloading pipeline-graph-analysis
2022-11-20 03:59:44.291+0000 [id=97]	INFO	h.model.UpdateCenter$DownloadJob#run: Installation successful: pipeline-graph-analysis
2022-11-20 03:59:44.291+0000 [id=97]	INFO	h.model.UpdateCenter$DownloadJob#run: Starting the installation of pipeline-rest-api on behalf of admin
2022-11-20 03:59:44.291+0000 [id=97]	INFO	h.m.UpdateCenter$UpdateCenterConfiguration#download: Downloading pipeline-rest-api
2022-11-20 03:59:45.832+0000 [id=97]	INFO	h.model.UpdateCenter$DownloadJob#run: Installation successful: pipeline-rest-api
2022-11-20 03:59:45.832+0000 [id=97]	INFO	h.model.UpdateCenter$DownloadJob#run: Starting the installation of momentjs on behalf of admin
2022-11-20 03:59:45.832+0000 [id=97]	INFO	h.m.UpdateCenter$UpdateCenterConfiguration#download: Downloading momentjs
2022-11-20 03:59:47.213+0000 [id=97]	INFO	h.model.UpdateCenter$DownloadJob#run: Installation successful: momentjs
2022-11-20 03:59:47.213+0000 [id=97]	INFO	h.model.UpdateCenter$DownloadJob#run: Starting the installation of pipeline-stage-view on behalf of admin
2022-11-20 03:59:47.213+0000 [id=97]	INFO	h.m.UpdateCenter$UpdateCenterConfiguration#download: Downloading pipeline-stage-view
2022-11-20 03:59:49.386+0000 [id=97]	INFO	h.model.UpdateCenter$DownloadJob#run: Installation successful: pipeline-stage-view
2022-11-20 03:59:49.387+0000 [id=97]	INFO	h.model.UpdateCenter$DownloadJob#run: Starting the installation of git on behalf of admin
2022-11-20 03:59:49.387+0000 [id=97]	INFO	h.m.UpdateCenter$InstallationJob#_run: Skipping duplicate install of: Git@4.13.0
2022-11-20 03:59:49.387+0000 [id=97]	INFO	h.model.UpdateCenter$DownloadJob#run: Installation successful: git
2022-11-20 03:59:49.387+0000 [id=97]	INFO	h.model.UpdateCenter$DownloadJob#run: Starting the installation of ssh-slaves on behalf of admin
2022-11-20 03:59:49.387+0000 [id=97]	INFO	h.m.UpdateCenter$UpdateCenterConfiguration#download: Downloading ssh-slaves
2022-11-20 03:59:50.820+0000 [id=97]	INFO	h.model.UpdateCenter$DownloadJob#run: Installation successful: ssh-slaves
2022-11-20 03:59:50.821+0000 [id=97]	INFO	h.model.UpdateCenter$DownloadJob#run: Starting the installation of matrix-auth on behalf of admin
2022-11-20 03:59:50.821+0000 [id=97]	INFO	h.m.UpdateCenter$UpdateCenterConfiguration#download: Downloading matrix-auth
2022-11-20 03:59:52.518+0000 [id=97]	INFO	h.model.UpdateCenter$DownloadJob#run: Installation successful: matrix-auth
2022-11-20 03:59:52.518+0000 [id=97]	INFO	h.model.UpdateCenter$DownloadJob#run: Starting the installation of pam-auth on behalf of admin
2022-11-20 03:59:52.519+0000 [id=97]	INFO	h.m.UpdateCenter$UpdateCenterConfiguration#download: Downloading pam-auth
2022-11-20 03:59:53.924+0000 [id=97]	INFO	h.model.UpdateCenter$DownloadJob#run: Installation successful: pam-auth
2022-11-20 03:59:53.924+0000 [id=97]	INFO	h.model.UpdateCenter$DownloadJob#run: Starting the installation of ldap on behalf of admin
2022-11-20 03:59:53.924+0000 [id=97]	INFO	h.m.UpdateCenter$UpdateCenterConfiguration#download: Downloading ldap
2022-11-20 03:59:57.151+0000 [id=97]	INFO	h.model.UpdateCenter$DownloadJob#run: Installation successful: ldap
2022-11-20 03:59:57.151+0000 [id=97]	INFO	h.model.UpdateCenter$DownloadJob#run: Starting the installation of email-ext on behalf of admin
2022-11-20 03:59:57.151+0000 [id=97]	INFO	h.m.UpdateCenter$UpdateCenterConfiguration#download: Downloading email-ext
2022-11-20 03:59:59.083+0000 [id=97]	INFO	h.model.UpdateCenter$DownloadJob#run: Installation successful: email-ext
2022-11-20 03:59:59.083+0000 [id=97]	INFO	h.model.UpdateCenter$DownloadJob#run: Starting the installation of mailer on behalf of admin
2022-11-20 03:59:59.083+0000 [id=97]	INFO	h.m.UpdateCenter$InstallationJob#_run: Skipping duplicate install of: Mailer@438.v02c7f0a_12fa_4
2022-11-20 03:59:59.083+0000 [id=97]	INFO	h.model.UpdateCenter$DownloadJob#run: Installation successful: mailer
2022-11-20 03:59:59.083+0000 [id=97]	INFO	h.m.UpdateCenter$CompleteBatchJob#run: Completing installing of plugin batch…
2022-11-20 04:00:02.387+0000 [id=97]	INFO	h.m.DownloadService$Downloadable#load: Obtained the updated data file for hudson.tools.JDKInstaller
2022-11-20 04:00:02.680+0000 [id=97]	INFO	h.p.b.g.GlobalTimeOutConfiguration#load: global timeout not set
2022-11-20 04:00:03.366+0000 [id=97]	INFO	h.m.DownloadService$Downloadable#load: Obtained the updated data file for hudson.tasks.Ant.AntInstaller
2022-11-20 04:00:04.210+0000 [id=97]	INFO	h.m.DownloadService$Downloadable#load: Obtained the updated data file for hudson.plugins.gradle.GradleInstaller
2022-11-20 04:00:04.647+0000 [id=291]	INFO	jenkins.InitReactorRunner$1#onAttained: Started initialization
2022-11-20 04:00:04.649+0000 [id=301]	INFO	jenkins.InitReactorRunner$1#onAttained: Listed all plugins
2022-11-20 04:00:04.653+0000 [id=304]	INFO	jenkins.InitReactorRunner$1#onAttained: Prepared all plugins
2022-11-20 04:00:04.675+0000 [id=299]	INFO	jenkins.InitReactorRunner$1#onAttained: Started all plugins
2022-11-20 04:00:04.684+0000 [id=299]	INFO	jenkins.InitReactorRunner$1#onAttained: Augmented all extensions
2022-11-20 04:00:04.686+0000 [id=302]	INFO	jenkins.InitReactorRunner$1#onAttained: System config loaded
2022-11-20 04:00:04.687+0000 [id=302]	INFO	jenkins.InitReactorRunner$1#onAttained: System config adapted
2022-11-20 04:00:04.716+0000 [id=296]	INFO	jenkins.InitReactorRunner$1#onAttained: Loaded all jobs
2022-11-20 04:00:04.717+0000 [id=293]	INFO	jenkins.InitReactorRunner$1#onAttained: Configuration for all jobs updated
2022-11-20 04:00:05.127+0000 [id=297]	INFO	jenkins.InitReactorRunner$1#onAttained: Completed initialization
2022-11-20 04:00:05.131+0000 [id=97]	INFO	h.m.UpdateCenter$CompleteBatchJob#run: Completed installation of 88 plugins in 3 Min 5 Seg
2022-11-20 04:27:08.929+0000 [id=328]	INFO	hudson.model.AsyncPeriodicWork#lambda$doRun$1: Started Periodic background build discarder
2022-11-20 04:27:08.930+0000 [id=328]	INFO	hudson.model.AsyncPeriodicWork#lambda$doRun$1: Finished Periodic background build discarder. 0 ms
2022-11-20 05:27:08.968+0000 [id=347]	INFO	hudson.model.AsyncPeriodicWork#lambda$doRun$1: Started Periodic background build discarder
2022-11-20 05:27:09.729+0000 [id=347]	INFO	hudson.model.AsyncPeriodicWork#lambda$doRun$1: Finished Periodic background build discarder. 609 ms
2022-11-20 06:27:08.936+0000 [id=358]	INFO	hudson.model.AsyncPeriodicWork#lambda$doRun$1: Started Periodic background build discarder
2022-11-20 06:27:08.993+0000 [id=358]	INFO	hudson.model.AsyncPeriodicWork#lambda$doRun$1: Finished Periodic background build discarder. 20 ms
2022-11-20 10:08:02.916+0000 [id=368]	INFO	hudson.model.AsyncPeriodicWork#lambda$doRun$1: Started Periodic background build discarder
2022-11-20 10:08:02.920+0000 [id=46]	INFO	hudson.model.AsyncPeriodicWork#doRun: Periodic background build discarder thread is still running. Execution aborted.
2022-11-20 10:08:02.928+0000 [id=46]	INFO	hudson.model.AsyncPeriodicWork#doRun: Periodic background build discarder thread is still running. Execution aborted.
2022-11-20 10:08:02.936+0000 [id=368]	INFO	hudson.model.AsyncPeriodicWork#lambda$doRun$1: Finished Periodic background build discarder. 8 ms
2022-11-20 16:19:30.715+0000 [id=55]	INFO	hudson.model.AsyncPeriodicWork#doRun: Periodic background build discarder thread is still running. Execution aborted.
2022-11-20 16:19:30.719+0000 [id=51]	INFO	hudson.model.AsyncPeriodicWork#doRun: Periodic background build discarder thread is still running. Execution aborted.
2022-11-20 16:19:30.723+0000 [id=29]	INFO	hudson.model.AsyncPeriodicWork#doRun: Periodic background build discarder thread is still running. Execution aborted.
2022-11-20 16:19:30.719+0000 [id=381]	INFO	hudson.model.AsyncPeriodicWork#lambda$doRun$1: Started Periodic background build discarder
2022-11-20 16:19:30.723+0000 [id=57]	INFO	hudson.model.AsyncPeriodicWork#doRun: Periodic background build discarder thread is still running. Execution aborted.
2022-11-20 16:19:30.727+0000 [id=57]	INFO	hudson.model.AsyncPeriodicWork#doRun: Periodic background build discarder thread is still running. Execution aborted.
2022-11-20 16:19:31.807+0000 [id=387]	INFO	hudson.model.AsyncPeriodicWork#lambda$doRun$1: Started LibraryCachingCleanup
2022-11-20 16:19:31.823+0000 [id=381]	INFO	hudson.model.AsyncPeriodicWork#lambda$doRun$1: Finished Periodic background build discarder. 1.088 ms
2022-11-20 16:19:31.899+0000 [id=387]	INFO	hudson.model.AsyncPeriodicWork#lambda$doRun$1: Finished LibraryCachingCleanup. 44 ms
2022-11-20 16:26:59.726+0000 [id=389]	INFO	hudson.model.AsyncPeriodicWork#lambda$doRun$1: Started Periodic background build discarder
2022-11-20 16:26:59.808+0000 [id=389]	INFO	hudson.model.AsyncPeriodicWork#lambda$doRun$1: Finished Periodic background build discarder. 36 ms
2022-11-20 17:26:59.726+0000 [id=408]	INFO	hudson.model.AsyncPeriodicWork#lambda$doRun$1: Started Periodic background build discarder
2022-11-20 17:26:59.988+0000 [id=408]	INFO	hudson.model.AsyncPeriodicWork#lambda$doRun$1: Finished Periodic background build discarder. 104 ms
2022-11-20 21:18:41.638+0000 [id=462]	INFO	hudson.model.AsyncPeriodicWork#lambda$doRun$1: Started Periodic background build discarder
2022-11-20 21:18:41.942+0000 [id=47]	INFO	hudson.model.AsyncPeriodicWork#doRun: Periodic background build discarder thread is still running. Execution aborted.
2022-11-20 21:18:42.922+0000 [id=47]	INFO	hudson.model.AsyncPeriodicWork#doRun: Periodic background build discarder thread is still running. Execution aborted.
2022-11-20 21:18:43.390+0000 [id=462]	INFO	hudson.model.AsyncPeriodicWork#lambda$doRun$1: Finished Periodic background build discarder. 452 ms
2022-11-20 23:55:51.303+0000 [id=52]	INFO	hudson.model.AsyncPeriodicWork#doRun: Periodic background build discarder thread is still running. Execution aborted.
2022-11-20 23:55:51.358+0000 [id=52]	INFO	hudson.model.AsyncPeriodicWork#doRun: Periodic background build discarder thread is still running. Execution aborted.
2022-11-20 23:55:51.620+0000 [id=475]	INFO	hudson.model.AsyncPeriodicWork#lambda$doRun$1: Started Periodic background build discarder
2022-11-20 23:55:51.752+0000 [id=475]	INFO	hudson.model.AsyncPeriodicWork#lambda$doRun$1: Finished Periodic background build discarder. 43 ms
2022-11-21 00:02:07.274+0000 [id=491]	WARNING	o.j.p.w.flow.FlowExecutionList#unregister: Owner[Pipeline hola mundo/1:Pipeline hola mundo #1] was not in the list to begin with: []
2022-11-21 00:26:51.251+0000 [id=496]	INFO	hudson.model.AsyncPeriodicWork#lambda$doRun$1: Started Periodic background build discarder
2022-11-21 00:26:51.259+0000 [id=496]	INFO	hudson.model.AsyncPeriodicWork#lambda$doRun$1: Finished Periodic background build discarder. 4 ms
2022-11-21 00:37:08.275+0000 [id=497]	INFO	hudson.model.AsyncPeriodicWork#lambda$doRun$1: Started telemetry collection
2022-11-21 00:37:08.332+0000 [id=497]	INFO	hudson.model.AsyncPeriodicWork#lambda$doRun$1: Finished telemetry collection. 55 ms
2022-11-21 01:26:49.153+0000 [id=515]	INFO	hudson.model.AsyncPeriodicWork#lambda$doRun$1: Started Periodic background build discarder
2022-11-21 01:26:49.249+0000 [id=515]	INFO	hudson.model.AsyncPeriodicWork#lambda$doRun$1: Finished Periodic background build discarder. 53 ms
2022-11-21 01:34:25.367+0000 [id=521]	INFO	hudson.model.AsyncPeriodicWork#lambda$doRun$1: Started Workspace clean-up
2022-11-21 01:34:25.566+0000 [id=521]	INFO	hudson.model.AsyncPeriodicWork#lambda$doRun$1: Finished Workspace clean-up. 193 ms
2022-11-21 01:53:30.323+0000 [id=543]	INFO	hudson.model.AsyncPeriodicWork#lambda$doRun$1: Started Fingerprint cleanup
2022-11-21 01:53:30.428+0000 [id=543]	INFO	hudson.model.AsyncPeriodicWork#lambda$doRun$1: Finished Fingerprint cleanup. 86 ms
2022-11-21 02:26:49.209+0000 [id=551]	INFO	hudson.model.AsyncPeriodicWork#lambda$doRun$1: Started Periodic background build discarder
2022-11-21 02:26:49.588+0000 [id=551]	INFO	hudson.model.AsyncPeriodicWork#lambda$doRun$1: Finished Periodic background build discarder. 171 ms
2022-11-21 02:38:53.974+0000 [id=552]	INFO	hudson.model.AsyncPeriodicWork#lambda$doRun$1: Started LibraryCachingCleanup
2022-11-21 02:38:53.997+0000 [id=552]	INFO	hudson.model.AsyncPeriodicWork#lambda$doRun$1: Finished LibraryCachingCleanup. 22 ms
2022-11-21 03:26:49.165+0000 [id=565]	INFO	hudson.model.AsyncPeriodicWork#lambda$doRun$1: Started Periodic background build discarder
2022-11-21 03:26:49.174+0000 [id=565]	INFO	hudson.model.AsyncPeriodicWork#lambda$doRun$1: Finished Periodic background build discarder. 5 ms
2022-11-21 03:47:35.211+0000 [id=575]	INFO	hudson.model.AsyncPeriodicWork#lambda$doRun$1: Started Download metadata
2022-11-21 03:47:35.246+0000 [id=575]	INFO	hudson.model.AsyncPeriodicWork#lambda$doRun$1: Finished Download metadata. 26 ms
2022-11-21 04:26:49.239+0000 [id=576]	INFO	hudson.model.AsyncPeriodicWork#lambda$doRun$1: Started Periodic background build discarder
2022-11-21 04:26:49.361+0000 [id=576]	INFO	hudson.model.AsyncPeriodicWork#lambda$doRun$1: Finished Periodic background build discarder. 70 ms
2022-11-21 05:26:49.179+0000 [id=585]	INFO	hudson.model.AsyncPeriodicWork#lambda$doRun$1: Started Periodic background build discarder
2022-11-21 05:26:49.403+0000 [id=585]	INFO	hudson.model.AsyncPeriodicWork#lambda$doRun$1: Finished Periodic background build discarder. 56 ms
2022-11-21 06:26:49.142+0000 [id=600]	INFO	hudson.model.AsyncPeriodicWork#lambda$doRun$1: Started Periodic background build discarder
2022-11-21 06:26:49.173+0000 [id=600]	INFO	hudson.model.AsyncPeriodicWork#lambda$doRun$1: Finished Periodic background build discarder. 24 ms
2022-11-21 06:28:21.142+0000 [id=602]	WARNING	o.j.p.w.flow.FlowExecutionList#unregister: Owner[Pipeline hola mundo/1:Pipeline hola mundo #1] was not in the list to begin with: []
2022-11-21 06:37:26.011+0000 [id=628]	WARNING	o.j.p.w.flow.FlowExecutionList#unregister: Owner[Pipeline hola mundo/1:Pipeline hola mundo #1] was not in the list to begin with: []
2022-11-21 09:56:31.912+0000 [id=54]	INFO	hudson.model.AsyncPeriodicWork#doRun: Periodic background build discarder thread is still running. Execution aborted.
2022-11-21 09:56:31.912+0000 [id=57]	INFO	hudson.model.AsyncPeriodicWork#doRun: Periodic background build discarder thread is still running. Execution aborted.
2022-11-21 09:56:31.980+0000 [id=669]	INFO	hudson.model.AsyncPeriodicWork#lambda$doRun$1: Started Periodic background build discarder
2022-11-21 09:56:32.072+0000 [id=669]	INFO	hudson.model.AsyncPeriodicWork#lambda$doRun$1: Finished Periodic background build discarder. 92 ms
2022-11-21 16:52:06.314+0000 [id=679]	INFO	hudson.model.AsyncPeriodicWork#lambda$doRun$1: Started Periodic background build discarder
2022-11-21 16:52:06.391+0000 [id=57]	INFO	hudson.model.AsyncPeriodicWork#doRun: Periodic background build discarder thread is still running. Execution aborted.
2022-11-21 16:52:06.391+0000 [id=46]	INFO	hudson.model.AsyncPeriodicWork#doRun: Periodic background build discarder thread is still running. Execution aborted.
2022-11-21 16:52:06.418+0000 [id=679]	INFO	hudson.model.AsyncPeriodicWork#lambda$doRun$1: Finished Periodic background build discarder. 27 ms
2022-11-21 16:52:06.421+0000 [id=29]	INFO	hudson.model.AsyncPeriodicWork#doRun: Periodic background build discarder thread is still running. Execution aborted.
2022-11-21 16:52:06.425+0000 [id=46]	INFO	hudson.model.AsyncPeriodicWork#doRun: Periodic background build discarder thread is still running. Execution aborted.
2022-11-21 16:52:06.427+0000 [id=55]	INFO	hudson.model.AsyncPeriodicWork#doRun: Periodic background build discarder thread is still running. Execution aborted.
2022-11-21 16:52:06.471+0000 [id=688]	INFO	hudson.model.AsyncPeriodicWork#lambda$doRun$1: Started LibraryCachingCleanup
2022-11-21 16:52:06.471+0000 [id=687]	INFO	hudson.model.AsyncPeriodicWork#lambda$doRun$1: Started Periodic background build discarder
2022-11-21 16:52:06.496+0000 [id=687]	INFO	hudson.model.AsyncPeriodicWork#lambda$doRun$1: Finished Periodic background build discarder. 1 ms
2022-11-21 16:52:06.496+0000 [id=688]	INFO	hudson.model.AsyncPeriodicWork#lambda$doRun$1: Finished LibraryCachingCleanup. 2 ms
2022-11-21 17:04:37.877+0000 [id=713]	WARNING	o.j.p.w.flow.FlowExecutionList#unregister: Owner[Pipeline hola mundo/2:Pipeline hola mundo #2] was not in the list to begin with: []
2022-11-21 17:05:13.563+0000 [id=741]	WARNING	o.j.p.w.flow.FlowExecutionList#unregister: Owner[Pipeline hola mundo/3:Pipeline hola mundo #3] was not in the list to begin with: []
